<?xml version="1.0" encoding="UTF-8"?>
<testng-results ignored="0" total="1" passed="1" failed="0" skipped="0">
  <reporter-output>
  </reporter-output>
  <suite started-at="2023-06-22T10:46:10 IST" name="Default suite" finished-at="2023-06-22T10:46:32 IST" duration-ms="22050">
    <groups>
    </groups>
    <test started-at="2023-06-22T10:46:10 IST" name="Default test" finished-at="2023-06-22T10:46:32 IST" duration-ms="22050">
      <class name="test.Meeshotst">
        <test-method is-config="true" signature="set()[pri:0, instance:test.Meeshotst@3f6f6701]" started-at="2023-06-22T10:46:10 IST" name="set" finished-at="2023-06-22T10:46:32 IST" duration-ms="21578" status="PASS">
          <reporter-output>
          </reporter-output>
        </test-method> <!-- set -->
        <test-method signature="testmeesho()[pri:0, instance:test.Meeshotst@3f6f6701]" started-at="2023-06-22T10:46:32 IST" name="testmeesho" finished-at="2023-06-22T10:46:32 IST" duration-ms="437" status="PASS">
          <reporter-output>
          </reporter-output>
        </test-method> <!-- testmeesho -->
      </class> <!-- test.Meeshotst -->
    </test> <!-- Default test -->
  </suite> <!-- Default suite -->
</testng-results>
